{
  source: { module: 'errorHandler' },
  returnCode: 400,
  statusCode: 400,
  details: [ { role: '"role" is required' } ],
  level: 'error',
  message: 'Bad request',
  timestamp: '2025-10-08T11:04:19.908Z'
}
{
  source: { module: 'errorHandler' },
  returnCode: 400,
  statusCode: 400,
  details: [ { role: '"role" is required' } ],
  level: 'error',
  message: 'Bad request',
  timestamp: '2025-10-08T11:06:46.022Z'
}
{
  source: { module: 'errorHandler' },
  returnCode: 404,
  statusCode: 404,
  details: undefined,
  level: 'error',
  message: 'Resource not found /api/use',
  timestamp: '2025-10-08T11:07:06.761Z'
}
{
  source: { module: 'errorHandler' },
  returnCode: 404,
  statusCode: 404,
  details: undefined,
  level: 'error',
  message: 'Resource not found /api/use',
  timestamp: '2025-10-08T11:08:07.375Z'
}
{
  source: { module: 'errorHandler' },
  returnCode: 404,
  statusCode: 404,
  details: undefined,
  level: 'error',
  message: 'Resource not found /api/use',
  timestamp: '2025-10-08T11:09:22.147Z'
}
{
  source: { module: 'errorHandler' },
  returnCode: 404,
  statusCode: 404,
  details: undefined,
  stackTrace: Error
      at default (file:///C:/Vbee/express-application/src/middlewares/routeHandler.js:2:17)
      at Layer.handleRequest (C:\Vbee\express-application\node_modules\router\lib\layer.js:152:17)
      at trimPrefix (C:\Vbee\express-application\node_modules\router\index.js:342:13)
      at C:\Vbee\express-application\node_modules\router\index.js:297:9
      at processParams (C:\Vbee\express-application\node_modules\router\index.js:582:12)
      at next (C:\Vbee\express-application\node_modules\router\index.js:291:5)
      at C:\Vbee\express-application\node_modules\router\index.js:688:15
      at next (C:\Vbee\express-application\node_modules\router\index.js:276:14)
      at Function.handle (C:\Vbee\express-application\node_modules\router\index.js:186:3)
      at router (C:\Vbee\express-application\node_modules\router\index.js:60:12) {
    statusCode: 404
  },
  level: 'error',
  message: 'Resource not found /api/use',
  timestamp: '2025-10-08T11:09:54.661Z'
}
